[debug] [2020-08-03T20:31:36.073Z] ----------------------------------------------------------------------
[debug] [2020-08-03T20:31:36.084Z] Command:       /home/lh/.nvm/versions/node/v12.18.3/bin/node /usr/local/bin/firebase serve
[debug] [2020-08-03T20:31:36.085Z] CLI Version:   8.6.0
[debug] [2020-08-03T20:31:36.086Z] Platform:      linux
[debug] [2020-08-03T20:31:36.086Z] Node Version:  v12.18.3
[debug] [2020-08-03T20:31:36.088Z] Time:          Mon Aug 03 2020 13:31:36 GMT-0700 (Pacific Daylight Time)
[debug] [2020-08-03T20:31:36.089Z] ----------------------------------------------------------------------
[debug] [2020-08-03T20:31:36.090Z] 
[debug] [2020-08-03T20:31:36.126Z] > command requires scopes: ["email","openid","https://www.googleapis.com/auth/cloudplatformprojects.readonly","https://www.googleapis.com/auth/firebase","https://www.googleapis.com/auth/cloud-platform"]
[debug] [2020-08-03T20:31:36.127Z] > authorizing via signed-in user
[debug] [2020-08-03T20:31:36.128Z] [iam] checking project mambicoder-website for permissions ["firebase.projects.get"]
[debug] [2020-08-03T20:31:36.132Z] > refreshing access token with scopes: ["email","https://www.googleapis.com/auth/cloud-platform","https://www.googleapis.com/auth/cloudplatformprojects.readonly","https://www.googleapis.com/auth/firebase","openid"]
[debug] [2020-08-03T20:31:36.133Z] >>> HTTP REQUEST POST https://www.googleapis.com/oauth2/v3/token  
 <request body omitted>
[debug] [2020-08-03T20:31:36.383Z] <<< HTTP RESPONSE 200 {"content-type":"application/json; charset=utf-8","vary":"X-Origin, Referer, Origin,Accept-Encoding","date":"Mon, 03 Aug 2020 20:31:36 GMT","server":"scaffolding on HTTPServer2","cache-control":"private","x-xss-protection":"0","x-frame-options":"SAMEORIGIN","x-content-type-options":"nosniff","alt-svc":"h3-29=\":443\"; ma=2592000,h3-27=\":443\"; ma=2592000,h3-T050=\":443\"; ma=2592000,h3-Q050=\":443\"; ma=2592000,h3-Q046=\":443\"; ma=2592000,h3-Q043=\":443\"; ma=2592000,quic=\":443\"; ma=2592000; v=\"46,43\"","accept-ranges":"none","transfer-encoding":"chunked"}
[debug] [2020-08-03T20:31:36.452Z] >>> HTTP REQUEST POST https://cloudresourcemanager.googleapis.com/v1/projects/mambicoder-website:testIamPermissions  
 {"permissions":["firebase.projects.get"]}
[debug] [2020-08-03T20:31:36.900Z] <<< HTTP RESPONSE 200 {"content-type":"application/json; charset=UTF-8","vary":"X-Origin, Referer, Origin,Accept-Encoding","date":"Mon, 03 Aug 2020 20:31:36 GMT","server":"ESF","cache-control":"private","x-xss-protection":"0","x-frame-options":"SAMEORIGIN","x-content-type-options":"nosniff","server-timing":"gfet4t7; dur=189","alt-svc":"h3-29=\":443\"; ma=2592000,h3-27=\":443\"; ma=2592000,h3-T050=\":443\"; ma=2592000,h3-Q050=\":443\"; ma=2592000,h3-Q046=\":443\"; ma=2592000,h3-Q043=\":443\"; ma=2592000,quic=\":443\"; ma=2592000; v=\"46,43\"","accept-ranges":"none","transfer-encoding":"chunked"}
[debug] [2020-08-03T20:31:36.903Z] >>> HTTP REQUEST GET https://firebase.googleapis.com/v1beta1/projects/mambicoder-website  
 
[debug] [2020-08-03T20:31:37.208Z] <<< HTTP RESPONSE 200 {"content-type":"application/json; charset=UTF-8","vary":"X-Origin, Referer, Origin,Accept-Encoding","date":"Mon, 03 Aug 2020 20:31:37 GMT","server":"ESF","cache-control":"private","x-xss-protection":"0","x-frame-options":"SAMEORIGIN","x-content-type-options":"nosniff","alt-svc":"h3-29=\":443\"; ma=2592000,h3-27=\":443\"; ma=2592000,h3-T050=\":443\"; ma=2592000,h3-Q050=\":443\"; ma=2592000,h3-Q046=\":443\"; ma=2592000,h3-Q043=\":443\"; ma=2592000,quic=\":443\"; ma=2592000; v=\"46,43\"","accept-ranges":"none","transfer-encoding":"chunked"}
[info] 
[info] === Serving from '/media/lh/Seagate/Work/My website/Project Source/mambicoder-api'...
[info] 
[warn] ⚠  Your requested "node" version "10" doesn't match your global version "12" {"metadata":{"emulator":{"name":"functions"},"message":"Your requested \"node\" version \"10\" doesn't match your global version \"12\""}}
[info] i  functions: Watching "/media/lh/Seagate/Work/My website/Project Source/mambicoder-api/functions" for Cloud Functions... {"metadata":{"emulator":{"name":"functions"},"message":"Watching \"/media/lh/Seagate/Work/My website/Project Source/mambicoder-api/functions\" for Cloud Functions..."}}
[debug] [2020-08-03T20:31:37.310Z] [worker-pool] addWorker(~diagnostic~) {"metadata":{"emulator":{"name":"functions"},"message":"[worker-pool] addWorker(~diagnostic~)"}}
[debug] [2020-08-03T20:31:37.311Z] [worker-pool] Adding worker with key ~diagnostic~, total=1 {"metadata":{"emulator":{"name":"functions"},"message":"[worker-pool] Adding worker with key ~diagnostic~, total=1"}}
[debug] [2020-08-03T20:31:37.311Z] [worker-pool] submitWork(triggerId=) {"metadata":{"emulator":{"name":"functions"},"message":"[worker-pool] submitWork(triggerId=)"}}
[debug] [2020-08-03T20:31:37.312Z] [worker-~diagnostic~-d0009ccf-00f2-4c29-8db6-10c1f31044dc]: Assigning socketPath: /tmp/fire_emu_163016.sock {"metadata":{"emulator":{"name":"functions"},"message":"[worker-~diagnostic~-d0009ccf-00f2-4c29-8db6-10c1f31044dc]: Assigning socketPath: /tmp/fire_emu_163016.sock"}}
[debug] [2020-08-03T20:31:37.312Z] [worker-~diagnostic~-d0009ccf-00f2-4c29-8db6-10c1f31044dc]: BUSY {"metadata":{"emulator":{"name":"functions"},"message":"[worker-~diagnostic~-d0009ccf-00f2-4c29-8db6-10c1f31044dc]: BUSY"}}
[debug] [2020-08-03T20:31:37.695Z] [runtime-status] [163016] Functions runtime initialized. {"cwd":"/media/lh/Seagate/Work/My website/Project Source/mambicoder-api/functions","node_version":"12.18.3"} {"metadata":{"emulator":{"name":"functions"},"message":"[runtime-status] [163016] Functions runtime initialized. {\"cwd\":\"/media/lh/Seagate/Work/My website/Project Source/mambicoder-api/functions\",\"node_version\":\"12.18.3\"}"}}
[debug] [2020-08-03T20:31:37.697Z] [runtime-status] [163016] Disabled runtime features: undefined {"metadata":{"emulator":{"name":"functions"},"message":"[runtime-status] [163016] Disabled runtime features: undefined"}}
[debug] [2020-08-03T20:31:37.708Z] [runtime-status] [163016] Resolved module firebase-admin {"declared":true,"installed":true,"version":"8.13.0","resolution":"/media/lh/Seagate/Work/My website/Project Source/mambicoder-api/functions/node_modules/firebase-admin/lib/index.js"} {"metadata":{"emulator":{"name":"functions"},"message":"[runtime-status] [163016] Resolved module firebase-admin {\"declared\":true,\"installed\":true,\"version\":\"8.13.0\",\"resolution\":\"/media/lh/Seagate/Work/My website/Project Source/mambicoder-api/functions/node_modules/firebase-admin/lib/index.js\"}"}}
[debug] [2020-08-03T20:31:37.708Z] [runtime-status] [163016] Resolved module firebase-functions {"declared":true,"installed":true,"version":"3.9.0","resolution":"/media/lh/Seagate/Work/My website/Project Source/mambicoder-api/functions/node_modules/firebase-functions/lib/index.js"} {"metadata":{"emulator":{"name":"functions"},"message":"[runtime-status] [163016] Resolved module firebase-functions {\"declared\":true,\"installed\":true,\"version\":\"3.9.0\",\"resolution\":\"/media/lh/Seagate/Work/My website/Project Source/mambicoder-api/functions/node_modules/firebase-functions/lib/index.js\"}"}}
[debug] [2020-08-03T20:31:37.710Z] [runtime-status] [163016] Resolved module firebase-functions {"declared":true,"installed":true,"version":"3.9.0","resolution":"/media/lh/Seagate/Work/My website/Project Source/mambicoder-api/functions/node_modules/firebase-functions/lib/index.js"} {"metadata":{"emulator":{"name":"functions"},"message":"[runtime-status] [163016] Resolved module firebase-functions {\"declared\":true,\"installed\":true,\"version\":\"3.9.0\",\"resolution\":\"/media/lh/Seagate/Work/My website/Project Source/mambicoder-api/functions/node_modules/firebase-functions/lib/index.js\"}"}}
[debug] [2020-08-03T20:31:37.717Z] [runtime-status] [163016] Outgoing network have been stubbed. [{"name":"http","status":"mocked"},{"name":"http","status":"mocked"},{"name":"https","status":"mocked"},{"name":"https","status":"mocked"},{"name":"net","status":"mocked"}] {"metadata":{"emulator":{"name":"functions"},"message":"[runtime-status] [163016] Outgoing network have been stubbed. [{\"name\":\"http\",\"status\":\"mocked\"},{\"name\":\"http\",\"status\":\"mocked\"},{\"name\":\"https\",\"status\":\"mocked\"},{\"name\":\"https\",\"status\":\"mocked\"},{\"name\":\"net\",\"status\":\"mocked\"}]"}}
[debug] [2020-08-03T20:31:37.719Z] [runtime-status] [163016] Resolved module firebase-functions {"declared":true,"installed":true,"version":"3.9.0","resolution":"/media/lh/Seagate/Work/My website/Project Source/mambicoder-api/functions/node_modules/firebase-functions/lib/index.js"} {"metadata":{"emulator":{"name":"functions"},"message":"[runtime-status] [163016] Resolved module firebase-functions {\"declared\":true,\"installed\":true,\"version\":\"3.9.0\",\"resolution\":\"/media/lh/Seagate/Work/My website/Project Source/mambicoder-api/functions/node_modules/firebase-functions/lib/index.js\"}"}}
[debug] [2020-08-03T20:31:39.532Z] [runtime-status] [163016] Checked functions.config() {"config":{}} {"metadata":{"emulator":{"name":"functions"},"message":"[runtime-status] [163016] Checked functions.config() {\"config\":{}}"}}
[debug] [2020-08-03T20:31:39.534Z] [runtime-status] [163016] firebase-functions has been stubbed. {"functionsResolution":{"declared":true,"installed":true,"version":"3.9.0","resolution":"/media/lh/Seagate/Work/My website/Project Source/mambicoder-api/functions/node_modules/firebase-functions/lib/index.js"}} {"metadata":{"emulator":{"name":"functions"},"message":"[runtime-status] [163016] firebase-functions has been stubbed. {\"functionsResolution\":{\"declared\":true,\"installed\":true,\"version\":\"3.9.0\",\"resolution\":\"/media/lh/Seagate/Work/My website/Project Source/mambicoder-api/functions/node_modules/firebase-functions/lib/index.js\"}}"}}
[debug] [2020-08-03T20:31:39.542Z] [runtime-status] [163016] Resolved module firebase-functions {"declared":true,"installed":true,"version":"3.9.0","resolution":"/media/lh/Seagate/Work/My website/Project Source/mambicoder-api/functions/node_modules/firebase-functions/lib/index.js"} {"metadata":{"emulator":{"name":"functions"},"message":"[runtime-status] [163016] Resolved module firebase-functions {\"declared\":true,\"installed\":true,\"version\":\"3.9.0\",\"resolution\":\"/media/lh/Seagate/Work/My website/Project Source/mambicoder-api/functions/node_modules/firebase-functions/lib/index.js\"}"}}
[debug] [2020-08-03T20:31:39.561Z] [runtime-status] [163016] Resolved module firebase-admin {"declared":true,"installed":true,"version":"8.13.0","resolution":"/media/lh/Seagate/Work/My website/Project Source/mambicoder-api/functions/node_modules/firebase-admin/lib/index.js"} {"metadata":{"emulator":{"name":"functions"},"message":"[runtime-status] [163016] Resolved module firebase-admin {\"declared\":true,\"installed\":true,\"version\":\"8.13.0\",\"resolution\":\"/media/lh/Seagate/Work/My website/Project Source/mambicoder-api/functions/node_modules/firebase-admin/lib/index.js\"}"}}
[debug] [2020-08-03T20:31:39.571Z] [runtime-status] [163016] Resolved module firebase-functions {"declared":true,"installed":true,"version":"3.9.0","resolution":"/media/lh/Seagate/Work/My website/Project Source/mambicoder-api/functions/node_modules/firebase-functions/lib/index.js"} {"metadata":{"emulator":{"name":"functions"},"message":"[runtime-status] [163016] Resolved module firebase-functions {\"declared\":true,\"installed\":true,\"version\":\"3.9.0\",\"resolution\":\"/media/lh/Seagate/Work/My website/Project Source/mambicoder-api/functions/node_modules/firebase-functions/lib/index.js\"}"}}
[debug] [2020-08-03T20:31:39.573Z] [runtime-status] [163016] firebase-admin has been stubbed. {"adminResolution":{"declared":true,"installed":true,"version":"8.13.0","resolution":"/media/lh/Seagate/Work/My website/Project Source/mambicoder-api/functions/node_modules/firebase-admin/lib/index.js"}} {"metadata":{"emulator":{"name":"functions"},"message":"[runtime-status] [163016] firebase-admin has been stubbed. {\"adminResolution\":{\"declared\":true,\"installed\":true,\"version\":\"8.13.0\",\"resolution\":\"/media/lh/Seagate/Work/My website/Project Source/mambicoder-api/functions/node_modules/firebase-admin/lib/index.js\"}}"}}
[warn] ⚠  Error: Cannot find module '../firestore_repo/firesotoreDB'
Require stack:
- /media/lh/Seagate/Work/My website/Project Source/mambicoder-api/functions/src/app_modules/controllers/crud.controller.js
- /media/lh/Seagate/Work/My website/Project Source/mambicoder-api/functions/src/app_modules/controllers/tracker.controller.js
- /media/lh/Seagate/Work/My website/Project Source/mambicoder-api/functions/src/app_modules/routes/tracker.routes.js
- /media/lh/Seagate/Work/My website/Project Source/mambicoder-api/functions/src/index.js
- /media/lh/Seagate/Work/My website/Project Source/mambicoder-api/functions/index.js
- /usr/local/lib/node_modules/firebase-tools/lib/emulator/functionsEmulatorRuntime.js
    at Function.Module._resolveFilename (internal/modules/cjs/loader.js:965:15)
    at Function.Module._load (internal/modules/cjs/loader.js:841:27)
    at Module.require (internal/modules/cjs/loader.js:1025:19)
    at require (internal/modules/cjs/helpers.js:72:18)
    at Object.<anonymous> (/media/lh/Seagate/Work/My website/Project Source/mambicoder-api/functions/src/app_modules/controllers/crud.controller.js:4:12)
    at Module._compile (internal/modules/cjs/loader.js:1137:30)
    at Object.Module._extensions..js (internal/modules/cjs/loader.js:1157:10)
    at Module.load (internal/modules/cjs/loader.js:985:32)
    at Function.Module._load (internal/modules/cjs/loader.js:878:14)
    at Module.require (internal/modules/cjs/loader.js:1025:19) {"metadata":{"emulator":{"name":"functions"},"message":"Error: Cannot find module '../firestore_repo/firesotoreDB'\nRequire stack:\n- /media/lh/Seagate/Work/My website/Project Source/mambicoder-api/functions/src/app_modules/controllers/crud.controller.js\n- /media/lh/Seagate/Work/My website/Project Source/mambicoder-api/functions/src/app_modules/controllers/tracker.controller.js\n- /media/lh/Seagate/Work/My website/Project Source/mambicoder-api/functions/src/app_modules/routes/tracker.routes.js\n- /media/lh/Seagate/Work/My website/Project Source/mambicoder-api/functions/src/index.js\n- /media/lh/Seagate/Work/My website/Project Source/mambicoder-api/functions/index.js\n- /usr/local/lib/node_modules/firebase-tools/lib/emulator/functionsEmulatorRuntime.js\n    at Function.Module._resolveFilename (internal/modules/cjs/loader.js:965:15)\n    at Function.Module._load (internal/modules/cjs/loader.js:841:27)\n    at Module.require (internal/modules/cjs/loader.js:1025:19)\n    at require (internal/modules/cjs/helpers.js:72:18)\n    at Object.<anonymous> (/media/lh/Seagate/Work/My website/Project Source/mambicoder-api/functions/src/app_modules/controllers/crud.controller.js:4:12)\n    at Module._compile (internal/modules/cjs/loader.js:1137:30)\n    at Object.Module._extensions..js (internal/modules/cjs/loader.js:1157:10)\n    at Module.load (internal/modules/cjs/loader.js:985:32)\n    at Function.Module._load (internal/modules/cjs/loader.js:878:14)\n    at Module.require (internal/modules/cjs/loader.js:1025:19)"}}
[warn] ⚠  We were unable to load your functions code. (see above) {"metadata":{"emulator":{"name":"functions"}}}
[debug] [2020-08-03T20:31:41.782Z] [worker-~diagnostic~-d0009ccf-00f2-4c29-8db6-10c1f31044dc]: exited {"metadata":{"emulator":{"name":"functions"},"message":"[worker-~diagnostic~-d0009ccf-00f2-4c29-8db6-10c1f31044dc]: exited"}}
[debug] [2020-08-03T20:31:41.782Z] [worker-~diagnostic~-d0009ccf-00f2-4c29-8db6-10c1f31044dc]: FINISHED {"metadata":{"emulator":{"name":"functions"},"message":"[worker-~diagnostic~-d0009ccf-00f2-4c29-8db6-10c1f31044dc]: FINISHED"}}
[debug] [2020-08-03T20:33:13.628Z] File /media/lh/Seagate/Work/My website/Project Source/mambicoder-api/functions/src/app_modules/models/request.model.js changed, reloading triggers {"metadata":{"emulator":{"name":"functions"},"message":"File /media/lh/Seagate/Work/My website/Project Source/mambicoder-api/functions/src/app_modules/models/request.model.js changed, reloading triggers"}}
[debug] [2020-08-03T20:33:14.630Z] [worker-pool] Cleaned up workers for ~diagnostic~: 1 --> 0 {"metadata":{"emulator":{"name":"functions"},"message":"[worker-pool] Cleaned up workers for ~diagnostic~: 1 --> 0"}}
[debug] [2020-08-03T20:33:14.657Z] [worker-pool] addWorker(~diagnostic~) {"metadata":{"emulator":{"name":"functions"},"message":"[worker-pool] addWorker(~diagnostic~)"}}
[debug] [2020-08-03T20:33:14.659Z] [worker-pool] Adding worker with key ~diagnostic~, total=1 {"metadata":{"emulator":{"name":"functions"},"message":"[worker-pool] Adding worker with key ~diagnostic~, total=1"}}
[debug] [2020-08-03T20:33:14.660Z] [worker-pool] submitWork(triggerId=) {"metadata":{"emulator":{"name":"functions"},"message":"[worker-pool] submitWork(triggerId=)"}}
[debug] [2020-08-03T20:33:14.662Z] [worker-~diagnostic~-3d358560-d40d-4c41-8346-8e8fcd6d179a]: Assigning socketPath: /tmp/fire_emu_163080.sock {"metadata":{"emulator":{"name":"functions"},"message":"[worker-~diagnostic~-3d358560-d40d-4c41-8346-8e8fcd6d179a]: Assigning socketPath: /tmp/fire_emu_163080.sock"}}
[debug] [2020-08-03T20:33:14.663Z] [worker-~diagnostic~-3d358560-d40d-4c41-8346-8e8fcd6d179a]: BUSY {"metadata":{"emulator":{"name":"functions"},"message":"[worker-~diagnostic~-3d358560-d40d-4c41-8346-8e8fcd6d179a]: BUSY"}}
[debug] [2020-08-03T20:33:15.008Z] [runtime-status] [163080] Functions runtime initialized. {"cwd":"/media/lh/Seagate/Work/My website/Project Source/mambicoder-api/functions","node_version":"12.18.3"} {"metadata":{"emulator":{"name":"functions"},"message":"[runtime-status] [163080] Functions runtime initialized. {\"cwd\":\"/media/lh/Seagate/Work/My website/Project Source/mambicoder-api/functions\",\"node_version\":\"12.18.3\"}"}}
[debug] [2020-08-03T20:33:15.019Z] [runtime-status] [163080] Disabled runtime features: undefined {"metadata":{"emulator":{"name":"functions"},"message":"[runtime-status] [163080] Disabled runtime features: undefined"}}
[debug] [2020-08-03T20:33:15.020Z] [runtime-status] [163080] Resolved module firebase-admin {"declared":true,"installed":true,"version":"8.13.0","resolution":"/media/lh/Seagate/Work/My website/Project Source/mambicoder-api/functions/node_modules/firebase-admin/lib/index.js"} {"metadata":{"emulator":{"name":"functions"},"message":"[runtime-status] [163080] Resolved module firebase-admin {\"declared\":true,\"installed\":true,\"version\":\"8.13.0\",\"resolution\":\"/media/lh/Seagate/Work/My website/Project Source/mambicoder-api/functions/node_modules/firebase-admin/lib/index.js\"}"}}
[debug] [2020-08-03T20:33:15.030Z] [runtime-status] [163080] Resolved module firebase-functions {"declared":true,"installed":true,"version":"3.9.0","resolution":"/media/lh/Seagate/Work/My website/Project Source/mambicoder-api/functions/node_modules/firebase-functions/lib/index.js"} {"metadata":{"emulator":{"name":"functions"},"message":"[runtime-status] [163080] Resolved module firebase-functions {\"declared\":true,\"installed\":true,\"version\":\"3.9.0\",\"resolution\":\"/media/lh/Seagate/Work/My website/Project Source/mambicoder-api/functions/node_modules/firebase-functions/lib/index.js\"}"}}
[debug] [2020-08-03T20:33:15.035Z] [runtime-status] [163080] Resolved module firebase-functions {"declared":true,"installed":true,"version":"3.9.0","resolution":"/media/lh/Seagate/Work/My website/Project Source/mambicoder-api/functions/node_modules/firebase-functions/lib/index.js"} {"metadata":{"emulator":{"name":"functions"},"message":"[runtime-status] [163080] Resolved module firebase-functions {\"declared\":true,\"installed\":true,\"version\":\"3.9.0\",\"resolution\":\"/media/lh/Seagate/Work/My website/Project Source/mambicoder-api/functions/node_modules/firebase-functions/lib/index.js\"}"}}
[debug] [2020-08-03T20:33:15.036Z] [runtime-status] [163080] Outgoing network have been stubbed. [{"name":"http","status":"mocked"},{"name":"http","status":"mocked"},{"name":"https","status":"mocked"},{"name":"https","status":"mocked"},{"name":"net","status":"mocked"}] {"metadata":{"emulator":{"name":"functions"},"message":"[runtime-status] [163080] Outgoing network have been stubbed. [{\"name\":\"http\",\"status\":\"mocked\"},{\"name\":\"http\",\"status\":\"mocked\"},{\"name\":\"https\",\"status\":\"mocked\"},{\"name\":\"https\",\"status\":\"mocked\"},{\"name\":\"net\",\"status\":\"mocked\"}]"}}
[debug] [2020-08-03T20:33:15.037Z] [runtime-status] [163080] Resolved module firebase-functions {"declared":true,"installed":true,"version":"3.9.0","resolution":"/media/lh/Seagate/Work/My website/Project Source/mambicoder-api/functions/node_modules/firebase-functions/lib/index.js"} {"metadata":{"emulator":{"name":"functions"},"message":"[runtime-status] [163080] Resolved module firebase-functions {\"declared\":true,\"installed\":true,\"version\":\"3.9.0\",\"resolution\":\"/media/lh/Seagate/Work/My website/Project Source/mambicoder-api/functions/node_modules/firebase-functions/lib/index.js\"}"}}
[debug] [2020-08-03T20:33:15.143Z] [runtime-status] [163080] Checked functions.config() {"config":{}} {"metadata":{"emulator":{"name":"functions"},"message":"[runtime-status] [163080] Checked functions.config() {\"config\":{}}"}}
[debug] [2020-08-03T20:33:15.143Z] [runtime-status] [163080] firebase-functions has been stubbed. {"functionsResolution":{"declared":true,"installed":true,"version":"3.9.0","resolution":"/media/lh/Seagate/Work/My website/Project Source/mambicoder-api/functions/node_modules/firebase-functions/lib/index.js"}} {"metadata":{"emulator":{"name":"functions"},"message":"[runtime-status] [163080] firebase-functions has been stubbed. {\"functionsResolution\":{\"declared\":true,\"installed\":true,\"version\":\"3.9.0\",\"resolution\":\"/media/lh/Seagate/Work/My website/Project Source/mambicoder-api/functions/node_modules/firebase-functions/lib/index.js\"}}"}}
[debug] [2020-08-03T20:33:15.145Z] [runtime-status] [163080] Resolved module firebase-functions {"declared":true,"installed":true,"version":"3.9.0","resolution":"/media/lh/Seagate/Work/My website/Project Source/mambicoder-api/functions/node_modules/firebase-functions/lib/index.js"} {"metadata":{"emulator":{"name":"functions"},"message":"[runtime-status] [163080] Resolved module firebase-functions {\"declared\":true,\"installed\":true,\"version\":\"3.9.0\",\"resolution\":\"/media/lh/Seagate/Work/My website/Project Source/mambicoder-api/functions/node_modules/firebase-functions/lib/index.js\"}"}}
[debug] [2020-08-03T20:33:15.148Z] [runtime-status] [163080] Resolved module firebase-admin {"declared":true,"installed":true,"version":"8.13.0","resolution":"/media/lh/Seagate/Work/My website/Project Source/mambicoder-api/functions/node_modules/firebase-admin/lib/index.js"} {"metadata":{"emulator":{"name":"functions"},"message":"[runtime-status] [163080] Resolved module firebase-admin {\"declared\":true,\"installed\":true,\"version\":\"8.13.0\",\"resolution\":\"/media/lh/Seagate/Work/My website/Project Source/mambicoder-api/functions/node_modules/firebase-admin/lib/index.js\"}"}}
[debug] [2020-08-03T20:33:15.150Z] [runtime-status] [163080] Resolved module firebase-functions {"declared":true,"installed":true,"version":"3.9.0","resolution":"/media/lh/Seagate/Work/My website/Project Source/mambicoder-api/functions/node_modules/firebase-functions/lib/index.js"} {"metadata":{"emulator":{"name":"functions"},"message":"[runtime-status] [163080] Resolved module firebase-functions {\"declared\":true,\"installed\":true,\"version\":\"3.9.0\",\"resolution\":\"/media/lh/Seagate/Work/My website/Project Source/mambicoder-api/functions/node_modules/firebase-functions/lib/index.js\"}"}}
[debug] [2020-08-03T20:33:15.150Z] [runtime-status] [163080] firebase-admin has been stubbed. {"adminResolution":{"declared":true,"installed":true,"version":"8.13.0","resolution":"/media/lh/Seagate/Work/My website/Project Source/mambicoder-api/functions/node_modules/firebase-admin/lib/index.js"}} {"metadata":{"emulator":{"name":"functions"},"message":"[runtime-status] [163080] firebase-admin has been stubbed. {\"adminResolution\":{\"declared\":true,\"installed\":true,\"version\":\"8.13.0\",\"resolution\":\"/media/lh/Seagate/Work/My website/Project Source/mambicoder-api/functions/node_modules/firebase-admin/lib/index.js\"}}"}}
[warn] ⚠  Error: Cannot find module '../firestore_repo/firesotoreDB'
Require stack:
- /media/lh/Seagate/Work/My website/Project Source/mambicoder-api/functions/src/app_modules/controllers/crud.controller.js
- /media/lh/Seagate/Work/My website/Project Source/mambicoder-api/functions/src/app_modules/controllers/tracker.controller.js
- /media/lh/Seagate/Work/My website/Project Source/mambicoder-api/functions/src/app_modules/routes/tracker.routes.js
- /media/lh/Seagate/Work/My website/Project Source/mambicoder-api/functions/src/index.js
- /media/lh/Seagate/Work/My website/Project Source/mambicoder-api/functions/index.js
- /usr/local/lib/node_modules/firebase-tools/lib/emulator/functionsEmulatorRuntime.js
    at Function.Module._resolveFilename (internal/modules/cjs/loader.js:965:15)
    at Function.Module._load (internal/modules/cjs/loader.js:841:27)
    at Module.require (internal/modules/cjs/loader.js:1025:19)
    at require (internal/modules/cjs/helpers.js:72:18)
    at Object.<anonymous> (/media/lh/Seagate/Work/My website/Project Source/mambicoder-api/functions/src/app_modules/controllers/crud.controller.js:4:12)
    at Module._compile (internal/modules/cjs/loader.js:1137:30)
    at Object.Module._extensions..js (internal/modules/cjs/loader.js:1157:10)
    at Module.load (internal/modules/cjs/loader.js:985:32)
    at Function.Module._load (internal/modules/cjs/loader.js:878:14)
    at Module.require (internal/modules/cjs/loader.js:1025:19) {"metadata":{"emulator":{"name":"functions"},"message":"Error: Cannot find module '../firestore_repo/firesotoreDB'\nRequire stack:\n- /media/lh/Seagate/Work/My website/Project Source/mambicoder-api/functions/src/app_modules/controllers/crud.controller.js\n- /media/lh/Seagate/Work/My website/Project Source/mambicoder-api/functions/src/app_modules/controllers/tracker.controller.js\n- /media/lh/Seagate/Work/My website/Project Source/mambicoder-api/functions/src/app_modules/routes/tracker.routes.js\n- /media/lh/Seagate/Work/My website/Project Source/mambicoder-api/functions/src/index.js\n- /media/lh/Seagate/Work/My website/Project Source/mambicoder-api/functions/index.js\n- /usr/local/lib/node_modules/firebase-tools/lib/emulator/functionsEmulatorRuntime.js\n    at Function.Module._resolveFilename (internal/modules/cjs/loader.js:965:15)\n    at Function.Module._load (internal/modules/cjs/loader.js:841:27)\n    at Module.require (internal/modules/cjs/loader.js:1025:19)\n    at require (internal/modules/cjs/helpers.js:72:18)\n    at Object.<anonymous> (/media/lh/Seagate/Work/My website/Project Source/mambicoder-api/functions/src/app_modules/controllers/crud.controller.js:4:12)\n    at Module._compile (internal/modules/cjs/loader.js:1137:30)\n    at Object.Module._extensions..js (internal/modules/cjs/loader.js:1157:10)\n    at Module.load (internal/modules/cjs/loader.js:985:32)\n    at Function.Module._load (internal/modules/cjs/loader.js:878:14)\n    at Module.require (internal/modules/cjs/loader.js:1025:19)"}}
[warn] ⚠  We were unable to load your functions code. (see above) {"metadata":{"emulator":{"name":"functions"}}}
[debug] [2020-08-03T20:33:15.408Z] [worker-~diagnostic~-3d358560-d40d-4c41-8346-8e8fcd6d179a]: exited {"metadata":{"emulator":{"name":"functions"},"message":"[worker-~diagnostic~-3d358560-d40d-4c41-8346-8e8fcd6d179a]: exited"}}
[debug] [2020-08-03T20:33:15.408Z] [worker-~diagnostic~-3d358560-d40d-4c41-8346-8e8fcd6d179a]: FINISHED {"metadata":{"emulator":{"name":"functions"},"message":"[worker-~diagnostic~-3d358560-d40d-4c41-8346-8e8fcd6d179a]: FINISHED"}}
[debug] [2020-08-03T20:33:55.174Z] File /media/lh/Seagate/Work/My website/Project Source/mambicoder-api/functions/src/app_modules/controllers/customerController.js changed, reloading triggers {"metadata":{"emulator":{"name":"functions"},"message":"File /media/lh/Seagate/Work/My website/Project Source/mambicoder-api/functions/src/app_modules/controllers/customerController.js changed, reloading triggers"}}
[debug] [2020-08-03T20:33:56.176Z] [worker-pool] Cleaned up workers for ~diagnostic~: 1 --> 0 {"metadata":{"emulator":{"name":"functions"},"message":"[worker-pool] Cleaned up workers for ~diagnostic~: 1 --> 0"}}
[debug] [2020-08-03T20:33:56.201Z] [worker-pool] addWorker(~diagnostic~) {"metadata":{"emulator":{"name":"functions"},"message":"[worker-pool] addWorker(~diagnostic~)"}}
[debug] [2020-08-03T20:33:56.203Z] [worker-pool] Adding worker with key ~diagnostic~, total=1 {"metadata":{"emulator":{"name":"functions"},"message":"[worker-pool] Adding worker with key ~diagnostic~, total=1"}}
[debug] [2020-08-03T20:33:56.204Z] [worker-pool] submitWork(triggerId=) {"metadata":{"emulator":{"name":"functions"},"message":"[worker-pool] submitWork(triggerId=)"}}
[debug] [2020-08-03T20:33:56.205Z] [worker-~diagnostic~-57dd92b0-5b01-47b4-86e3-bafa6dead171]: Assigning socketPath: /tmp/fire_emu_163101.sock {"metadata":{"emulator":{"name":"functions"},"message":"[worker-~diagnostic~-57dd92b0-5b01-47b4-86e3-bafa6dead171]: Assigning socketPath: /tmp/fire_emu_163101.sock"}}
[debug] [2020-08-03T20:33:56.206Z] [worker-~diagnostic~-57dd92b0-5b01-47b4-86e3-bafa6dead171]: BUSY {"metadata":{"emulator":{"name":"functions"},"message":"[worker-~diagnostic~-57dd92b0-5b01-47b4-86e3-bafa6dead171]: BUSY"}}
[debug] [2020-08-03T20:33:56.550Z] [runtime-status] [163101] Functions runtime initialized. {"cwd":"/media/lh/Seagate/Work/My website/Project Source/mambicoder-api/functions","node_version":"12.18.3"} {"metadata":{"emulator":{"name":"functions"},"message":"[runtime-status] [163101] Functions runtime initialized. {\"cwd\":\"/media/lh/Seagate/Work/My website/Project Source/mambicoder-api/functions\",\"node_version\":\"12.18.3\"}"}}
[debug] [2020-08-03T20:33:56.554Z] [runtime-status] [163101] Disabled runtime features: undefined {"metadata":{"emulator":{"name":"functions"},"message":"[runtime-status] [163101] Disabled runtime features: undefined"}}
[debug] [2020-08-03T20:33:56.563Z] [runtime-status] [163101] Resolved module firebase-admin {"declared":true,"installed":true,"version":"8.13.0","resolution":"/media/lh/Seagate/Work/My website/Project Source/mambicoder-api/functions/node_modules/firebase-admin/lib/index.js"} {"metadata":{"emulator":{"name":"functions"},"message":"[runtime-status] [163101] Resolved module firebase-admin {\"declared\":true,\"installed\":true,\"version\":\"8.13.0\",\"resolution\":\"/media/lh/Seagate/Work/My website/Project Source/mambicoder-api/functions/node_modules/firebase-admin/lib/index.js\"}"}}
[debug] [2020-08-03T20:33:56.569Z] [runtime-status] [163101] Resolved module firebase-functions {"declared":true,"installed":true,"version":"3.9.0","resolution":"/media/lh/Seagate/Work/My website/Project Source/mambicoder-api/functions/node_modules/firebase-functions/lib/index.js"} {"metadata":{"emulator":{"name":"functions"},"message":"[runtime-status] [163101] Resolved module firebase-functions {\"declared\":true,\"installed\":true,\"version\":\"3.9.0\",\"resolution\":\"/media/lh/Seagate/Work/My website/Project Source/mambicoder-api/functions/node_modules/firebase-functions/lib/index.js\"}"}}
[debug] [2020-08-03T20:33:56.572Z] [runtime-status] [163101] Resolved module firebase-functions {"declared":true,"installed":true,"version":"3.9.0","resolution":"/media/lh/Seagate/Work/My website/Project Source/mambicoder-api/functions/node_modules/firebase-functions/lib/index.js"} {"metadata":{"emulator":{"name":"functions"},"message":"[runtime-status] [163101] Resolved module firebase-functions {\"declared\":true,\"installed\":true,\"version\":\"3.9.0\",\"resolution\":\"/media/lh/Seagate/Work/My website/Project Source/mambicoder-api/functions/node_modules/firebase-functions/lib/index.js\"}"}}
[debug] [2020-08-03T20:33:56.574Z] [runtime-status] [163101] Outgoing network have been stubbed. [{"name":"http","status":"mocked"},{"name":"http","status":"mocked"},{"name":"https","status":"mocked"},{"name":"https","status":"mocked"},{"name":"net","status":"mocked"}] {"metadata":{"emulator":{"name":"functions"},"message":"[runtime-status] [163101] Outgoing network have been stubbed. [{\"name\":\"http\",\"status\":\"mocked\"},{\"name\":\"http\",\"status\":\"mocked\"},{\"name\":\"https\",\"status\":\"mocked\"},{\"name\":\"https\",\"status\":\"mocked\"},{\"name\":\"net\",\"status\":\"mocked\"}]"}}
[debug] [2020-08-03T20:33:56.575Z] [runtime-status] [163101] Resolved module firebase-functions {"declared":true,"installed":true,"version":"3.9.0","resolution":"/media/lh/Seagate/Work/My website/Project Source/mambicoder-api/functions/node_modules/firebase-functions/lib/index.js"} {"metadata":{"emulator":{"name":"functions"},"message":"[runtime-status] [163101] Resolved module firebase-functions {\"declared\":true,\"installed\":true,\"version\":\"3.9.0\",\"resolution\":\"/media/lh/Seagate/Work/My website/Project Source/mambicoder-api/functions/node_modules/firebase-functions/lib/index.js\"}"}}
[debug] [2020-08-03T20:33:56.640Z] [runtime-status] [163101] Checked functions.config() {"config":{}} {"metadata":{"emulator":{"name":"functions"},"message":"[runtime-status] [163101] Checked functions.config() {\"config\":{}}"}}
[debug] [2020-08-03T20:33:56.640Z] [runtime-status] [163101] firebase-functions has been stubbed. {"functionsResolution":{"declared":true,"installed":true,"version":"3.9.0","resolution":"/media/lh/Seagate/Work/My website/Project Source/mambicoder-api/functions/node_modules/firebase-functions/lib/index.js"}} {"metadata":{"emulator":{"name":"functions"},"message":"[runtime-status] [163101] firebase-functions has been stubbed. {\"functionsResolution\":{\"declared\":true,\"installed\":true,\"version\":\"3.9.0\",\"resolution\":\"/media/lh/Seagate/Work/My website/Project Source/mambicoder-api/functions/node_modules/firebase-functions/lib/index.js\"}}"}}
[debug] [2020-08-03T20:33:56.642Z] [runtime-status] [163101] Resolved module firebase-functions {"declared":true,"installed":true,"version":"3.9.0","resolution":"/media/lh/Seagate/Work/My website/Project Source/mambicoder-api/functions/node_modules/firebase-functions/lib/index.js"} {"metadata":{"emulator":{"name":"functions"},"message":"[runtime-status] [163101] Resolved module firebase-functions {\"declared\":true,\"installed\":true,\"version\":\"3.9.0\",\"resolution\":\"/media/lh/Seagate/Work/My website/Project Source/mambicoder-api/functions/node_modules/firebase-functions/lib/index.js\"}"}}
[debug] [2020-08-03T20:33:56.645Z] [runtime-status] [163101] Resolved module firebase-admin {"declared":true,"installed":true,"version":"8.13.0","resolution":"/media/lh/Seagate/Work/My website/Project Source/mambicoder-api/functions/node_modules/firebase-admin/lib/index.js"} {"metadata":{"emulator":{"name":"functions"},"message":"[runtime-status] [163101] Resolved module firebase-admin {\"declared\":true,\"installed\":true,\"version\":\"8.13.0\",\"resolution\":\"/media/lh/Seagate/Work/My website/Project Source/mambicoder-api/functions/node_modules/firebase-admin/lib/index.js\"}"}}
[debug] [2020-08-03T20:33:56.646Z] [runtime-status] [163101] Resolved module firebase-functions {"declared":true,"installed":true,"version":"3.9.0","resolution":"/media/lh/Seagate/Work/My website/Project Source/mambicoder-api/functions/node_modules/firebase-functions/lib/index.js"} {"metadata":{"emulator":{"name":"functions"},"message":"[runtime-status] [163101] Resolved module firebase-functions {\"declared\":true,\"installed\":true,\"version\":\"3.9.0\",\"resolution\":\"/media/lh/Seagate/Work/My website/Project Source/mambicoder-api/functions/node_modules/firebase-functions/lib/index.js\"}"}}
[debug] [2020-08-03T20:33:56.647Z] [runtime-status] [163101] firebase-admin has been stubbed. {"adminResolution":{"declared":true,"installed":true,"version":"8.13.0","resolution":"/media/lh/Seagate/Work/My website/Project Source/mambicoder-api/functions/node_modules/firebase-admin/lib/index.js"}} {"metadata":{"emulator":{"name":"functions"},"message":"[runtime-status] [163101] firebase-admin has been stubbed. {\"adminResolution\":{\"declared\":true,\"installed\":true,\"version\":\"8.13.0\",\"resolution\":\"/media/lh/Seagate/Work/My website/Project Source/mambicoder-api/functions/node_modules/firebase-admin/lib/index.js\"}}"}}
[warn] ⚠  Error: Cannot find module '../firestore_repo/firesotoreDB'
Require stack:
- /media/lh/Seagate/Work/My website/Project Source/mambicoder-api/functions/src/app_modules/controllers/crud.controller.js
- /media/lh/Seagate/Work/My website/Project Source/mambicoder-api/functions/src/app_modules/controllers/tracker.controller.js
- /media/lh/Seagate/Work/My website/Project Source/mambicoder-api/functions/src/app_modules/routes/tracker.routes.js
- /media/lh/Seagate/Work/My website/Project Source/mambicoder-api/functions/src/index.js
- /media/lh/Seagate/Work/My website/Project Source/mambicoder-api/functions/index.js
- /usr/local/lib/node_modules/firebase-tools/lib/emulator/functionsEmulatorRuntime.js
    at Function.Module._resolveFilename (internal/modules/cjs/loader.js:965:15)
    at Function.Module._load (internal/modules/cjs/loader.js:841:27)
    at Module.require (internal/modules/cjs/loader.js:1025:19)
    at require (internal/modules/cjs/helpers.js:72:18)
    at Object.<anonymous> (/media/lh/Seagate/Work/My website/Project Source/mambicoder-api/functions/src/app_modules/controllers/crud.controller.js:4:12)
    at Module._compile (internal/modules/cjs/loader.js:1137:30)
    at Object.Module._extensions..js (internal/modules/cjs/loader.js:1157:10)
    at Module.load (internal/modules/cjs/loader.js:985:32)
    at Function.Module._load (internal/modules/cjs/loader.js:878:14)
    at Module.require (internal/modules/cjs/loader.js:1025:19) {"metadata":{"emulator":{"name":"functions"},"message":"Error: Cannot find module '../firestore_repo/firesotoreDB'\nRequire stack:\n- /media/lh/Seagate/Work/My website/Project Source/mambicoder-api/functions/src/app_modules/controllers/crud.controller.js\n- /media/lh/Seagate/Work/My website/Project Source/mambicoder-api/functions/src/app_modules/controllers/tracker.controller.js\n- /media/lh/Seagate/Work/My website/Project Source/mambicoder-api/functions/src/app_modules/routes/tracker.routes.js\n- /media/lh/Seagate/Work/My website/Project Source/mambicoder-api/functions/src/index.js\n- /media/lh/Seagate/Work/My website/Project Source/mambicoder-api/functions/index.js\n- /usr/local/lib/node_modules/firebase-tools/lib/emulator/functionsEmulatorRuntime.js\n    at Function.Module._resolveFilename (internal/modules/cjs/loader.js:965:15)\n    at Function.Module._load (internal/modules/cjs/loader.js:841:27)\n    at Module.require (internal/modules/cjs/loader.js:1025:19)\n    at require (internal/modules/cjs/helpers.js:72:18)\n    at Object.<anonymous> (/media/lh/Seagate/Work/My website/Project Source/mambicoder-api/functions/src/app_modules/controllers/crud.controller.js:4:12)\n    at Module._compile (internal/modules/cjs/loader.js:1137:30)\n    at Object.Module._extensions..js (internal/modules/cjs/loader.js:1157:10)\n    at Module.load (internal/modules/cjs/loader.js:985:32)\n    at Function.Module._load (internal/modules/cjs/loader.js:878:14)\n    at Module.require (internal/modules/cjs/loader.js:1025:19)"}}
[warn] ⚠  We were unable to load your functions code. (see above) {"metadata":{"emulator":{"name":"functions"}}}
[debug] [2020-08-03T20:33:56.898Z] [worker-~diagnostic~-57dd92b0-5b01-47b4-86e3-bafa6dead171]: exited {"metadata":{"emulator":{"name":"functions"},"message":"[worker-~diagnostic~-57dd92b0-5b01-47b4-86e3-bafa6dead171]: exited"}}
[debug] [2020-08-03T20:33:56.899Z] [worker-~diagnostic~-57dd92b0-5b01-47b4-86e3-bafa6dead171]: FINISHED {"metadata":{"emulator":{"name":"functions"},"message":"[worker-~diagnostic~-57dd92b0-5b01-47b4-86e3-bafa6dead171]: FINISHED"}}
[debug] [2020-08-03T20:51:49.493Z] File /media/lh/Seagate/Work/My website/Project Source/mambicoder-api/functions/src/app_modules/models/request.model.js changed, reloading triggers {"metadata":{"emulator":{"name":"functions"},"message":"File /media/lh/Seagate/Work/My website/Project Source/mambicoder-api/functions/src/app_modules/models/request.model.js changed, reloading triggers"}}
[debug] [2020-08-03T20:51:50.496Z] [worker-pool] Cleaned up workers for ~diagnostic~: 1 --> 0 {"metadata":{"emulator":{"name":"functions"},"message":"[worker-pool] Cleaned up workers for ~diagnostic~: 1 --> 0"}}
[debug] [2020-08-03T20:51:50.519Z] [worker-pool] addWorker(~diagnostic~) {"metadata":{"emulator":{"name":"functions"},"message":"[worker-pool] addWorker(~diagnostic~)"}}
[debug] [2020-08-03T20:51:50.521Z] [worker-pool] Adding worker with key ~diagnostic~, total=1 {"metadata":{"emulator":{"name":"functions"},"message":"[worker-pool] Adding worker with key ~diagnostic~, total=1"}}
[debug] [2020-08-03T20:51:50.522Z] [worker-pool] submitWork(triggerId=) {"metadata":{"emulator":{"name":"functions"},"message":"[worker-pool] submitWork(triggerId=)"}}
[debug] [2020-08-03T20:51:50.523Z] [worker-~diagnostic~-15607acb-9ed2-4ddf-b7c1-9006141bd903]: Assigning socketPath: /tmp/fire_emu_164073.sock {"metadata":{"emulator":{"name":"functions"},"message":"[worker-~diagnostic~-15607acb-9ed2-4ddf-b7c1-9006141bd903]: Assigning socketPath: /tmp/fire_emu_164073.sock"}}
[debug] [2020-08-03T20:51:50.524Z] [worker-~diagnostic~-15607acb-9ed2-4ddf-b7c1-9006141bd903]: BUSY {"metadata":{"emulator":{"name":"functions"},"message":"[worker-~diagnostic~-15607acb-9ed2-4ddf-b7c1-9006141bd903]: BUSY"}}
[debug] [2020-08-03T20:51:51.018Z] [runtime-status] [164073] Functions runtime initialized. {"cwd":"/media/lh/Seagate/Work/My website/Project Source/mambicoder-api/functions","node_version":"12.18.3"} {"metadata":{"emulator":{"name":"functions"},"message":"[runtime-status] [164073] Functions runtime initialized. {\"cwd\":\"/media/lh/Seagate/Work/My website/Project Source/mambicoder-api/functions\",\"node_version\":\"12.18.3\"}"}}
[debug] [2020-08-03T20:51:51.028Z] [runtime-status] [164073] Disabled runtime features: undefined {"metadata":{"emulator":{"name":"functions"},"message":"[runtime-status] [164073] Disabled runtime features: undefined"}}
[debug] [2020-08-03T20:51:51.035Z] [runtime-status] [164073] Resolved module firebase-admin {"declared":true,"installed":true,"version":"8.13.0","resolution":"/media/lh/Seagate/Work/My website/Project Source/mambicoder-api/functions/node_modules/firebase-admin/lib/index.js"} {"metadata":{"emulator":{"name":"functions"},"message":"[runtime-status] [164073] Resolved module firebase-admin {\"declared\":true,\"installed\":true,\"version\":\"8.13.0\",\"resolution\":\"/media/lh/Seagate/Work/My website/Project Source/mambicoder-api/functions/node_modules/firebase-admin/lib/index.js\"}"}}
[debug] [2020-08-03T20:51:51.041Z] [runtime-status] [164073] Resolved module firebase-functions {"declared":true,"installed":true,"version":"3.9.0","resolution":"/media/lh/Seagate/Work/My website/Project Source/mambicoder-api/functions/node_modules/firebase-functions/lib/index.js"} {"metadata":{"emulator":{"name":"functions"},"message":"[runtime-status] [164073] Resolved module firebase-functions {\"declared\":true,\"installed\":true,\"version\":\"3.9.0\",\"resolution\":\"/media/lh/Seagate/Work/My website/Project Source/mambicoder-api/functions/node_modules/firebase-functions/lib/index.js\"}"}}
[debug] [2020-08-03T20:51:51.045Z] [runtime-status] [164073] Resolved module firebase-functions {"declared":true,"installed":true,"version":"3.9.0","resolution":"/media/lh/Seagate/Work/My website/Project Source/mambicoder-api/functions/node_modules/firebase-functions/lib/index.js"} {"metadata":{"emulator":{"name":"functions"},"message":"[runtime-status] [164073] Resolved module firebase-functions {\"declared\":true,\"installed\":true,\"version\":\"3.9.0\",\"resolution\":\"/media/lh/Seagate/Work/My website/Project Source/mambicoder-api/functions/node_modules/firebase-functions/lib/index.js\"}"}}
[debug] [2020-08-03T20:51:51.049Z] [runtime-status] [164073] Outgoing network have been stubbed. [{"name":"http","status":"mocked"},{"name":"http","status":"mocked"},{"name":"https","status":"mocked"},{"name":"https","status":"mocked"},{"name":"net","status":"mocked"}] {"metadata":{"emulator":{"name":"functions"},"message":"[runtime-status] [164073] Outgoing network have been stubbed. [{\"name\":\"http\",\"status\":\"mocked\"},{\"name\":\"http\",\"status\":\"mocked\"},{\"name\":\"https\",\"status\":\"mocked\"},{\"name\":\"https\",\"status\":\"mocked\"},{\"name\":\"net\",\"status\":\"mocked\"}]"}}
[debug] [2020-08-03T20:51:51.054Z] [runtime-status] [164073] Resolved module firebase-functions {"declared":true,"installed":true,"version":"3.9.0","resolution":"/media/lh/Seagate/Work/My website/Project Source/mambicoder-api/functions/node_modules/firebase-functions/lib/index.js"} {"metadata":{"emulator":{"name":"functions"},"message":"[runtime-status] [164073] Resolved module firebase-functions {\"declared\":true,\"installed\":true,\"version\":\"3.9.0\",\"resolution\":\"/media/lh/Seagate/Work/My website/Project Source/mambicoder-api/functions/node_modules/firebase-functions/lib/index.js\"}"}}
[debug] [2020-08-03T20:51:51.145Z] [runtime-status] [164073] Checked functions.config() {"config":{}} {"metadata":{"emulator":{"name":"functions"},"message":"[runtime-status] [164073] Checked functions.config() {\"config\":{}}"}}
[debug] [2020-08-03T20:51:51.145Z] [runtime-status] [164073] firebase-functions has been stubbed. {"functionsResolution":{"declared":true,"installed":true,"version":"3.9.0","resolution":"/media/lh/Seagate/Work/My website/Project Source/mambicoder-api/functions/node_modules/firebase-functions/lib/index.js"}} {"metadata":{"emulator":{"name":"functions"},"message":"[runtime-status] [164073] firebase-functions has been stubbed. {\"functionsResolution\":{\"declared\":true,\"installed\":true,\"version\":\"3.9.0\",\"resolution\":\"/media/lh/Seagate/Work/My website/Project Source/mambicoder-api/functions/node_modules/firebase-functions/lib/index.js\"}}"}}
[debug] [2020-08-03T20:51:51.146Z] [runtime-status] [164073] Resolved module firebase-functions {"declared":true,"installed":true,"version":"3.9.0","resolution":"/media/lh/Seagate/Work/My website/Project Source/mambicoder-api/functions/node_modules/firebase-functions/lib/index.js"} {"metadata":{"emulator":{"name":"functions"},"message":"[runtime-status] [164073] Resolved module firebase-functions {\"declared\":true,\"installed\":true,\"version\":\"3.9.0\",\"resolution\":\"/media/lh/Seagate/Work/My website/Project Source/mambicoder-api/functions/node_modules/firebase-functions/lib/index.js\"}"}}
[debug] [2020-08-03T20:51:51.151Z] [runtime-status] [164073] Resolved module firebase-admin {"declared":true,"installed":true,"version":"8.13.0","resolution":"/media/lh/Seagate/Work/My website/Project Source/mambicoder-api/functions/node_modules/firebase-admin/lib/index.js"} {"metadata":{"emulator":{"name":"functions"},"message":"[runtime-status] [164073] Resolved module firebase-admin {\"declared\":true,\"installed\":true,\"version\":\"8.13.0\",\"resolution\":\"/media/lh/Seagate/Work/My website/Project Source/mambicoder-api/functions/node_modules/firebase-admin/lib/index.js\"}"}}
[debug] [2020-08-03T20:51:51.166Z] [runtime-status] [164073] Resolved module firebase-functions {"declared":true,"installed":true,"version":"3.9.0","resolution":"/media/lh/Seagate/Work/My website/Project Source/mambicoder-api/functions/node_modules/firebase-functions/lib/index.js"} {"metadata":{"emulator":{"name":"functions"},"message":"[runtime-status] [164073] Resolved module firebase-functions {\"declared\":true,\"installed\":true,\"version\":\"3.9.0\",\"resolution\":\"/media/lh/Seagate/Work/My website/Project Source/mambicoder-api/functions/node_modules/firebase-functions/lib/index.js\"}"}}
[debug] [2020-08-03T20:51:51.166Z] [runtime-status] [164073] firebase-admin has been stubbed. {"adminResolution":{"declared":true,"installed":true,"version":"8.13.0","resolution":"/media/lh/Seagate/Work/My website/Project Source/mambicoder-api/functions/node_modules/firebase-admin/lib/index.js"}} {"metadata":{"emulator":{"name":"functions"},"message":"[runtime-status] [164073] firebase-admin has been stubbed. {\"adminResolution\":{\"declared\":true,\"installed\":true,\"version\":\"8.13.0\",\"resolution\":\"/media/lh/Seagate/Work/My website/Project Source/mambicoder-api/functions/node_modules/firebase-admin/lib/index.js\"}}"}}
[warn] ⚠  Error: Cannot find module '../firestore_repo/firesotoreDB'
Require stack:
- /media/lh/Seagate/Work/My website/Project Source/mambicoder-api/functions/src/app_modules/controllers/crud.controller.js
- /media/lh/Seagate/Work/My website/Project Source/mambicoder-api/functions/src/app_modules/controllers/tracker.controller.js
- /media/lh/Seagate/Work/My website/Project Source/mambicoder-api/functions/src/app_modules/routes/tracker.routes.js
- /media/lh/Seagate/Work/My website/Project Source/mambicoder-api/functions/src/index.js
- /media/lh/Seagate/Work/My website/Project Source/mambicoder-api/functions/index.js
- /usr/local/lib/node_modules/firebase-tools/lib/emulator/functionsEmulatorRuntime.js
    at Function.Module._resolveFilename (internal/modules/cjs/loader.js:965:15)
    at Function.Module._load (internal/modules/cjs/loader.js:841:27)
    at Module.require (internal/modules/cjs/loader.js:1025:19)
    at require (internal/modules/cjs/helpers.js:72:18)
    at Object.<anonymous> (/media/lh/Seagate/Work/My website/Project Source/mambicoder-api/functions/src/app_modules/controllers/crud.controller.js:4:12)
    at Module._compile (internal/modules/cjs/loader.js:1137:30)
    at Object.Module._extensions..js (internal/modules/cjs/loader.js:1157:10)
    at Module.load (internal/modules/cjs/loader.js:985:32)
    at Function.Module._load (internal/modules/cjs/loader.js:878:14)
    at Module.require (internal/modules/cjs/loader.js:1025:19) {"metadata":{"emulator":{"name":"functions"},"message":"Error: Cannot find module '../firestore_repo/firesotoreDB'\nRequire stack:\n- /media/lh/Seagate/Work/My website/Project Source/mambicoder-api/functions/src/app_modules/controllers/crud.controller.js\n- /media/lh/Seagate/Work/My website/Project Source/mambicoder-api/functions/src/app_modules/controllers/tracker.controller.js\n- /media/lh/Seagate/Work/My website/Project Source/mambicoder-api/functions/src/app_modules/routes/tracker.routes.js\n- /media/lh/Seagate/Work/My website/Project Source/mambicoder-api/functions/src/index.js\n- /media/lh/Seagate/Work/My website/Project Source/mambicoder-api/functions/index.js\n- /usr/local/lib/node_modules/firebase-tools/lib/emulator/functionsEmulatorRuntime.js\n    at Function.Module._resolveFilename (internal/modules/cjs/loader.js:965:15)\n    at Function.Module._load (internal/modules/cjs/loader.js:841:27)\n    at Module.require (internal/modules/cjs/loader.js:1025:19)\n    at require (internal/modules/cjs/helpers.js:72:18)\n    at Object.<anonymous> (/media/lh/Seagate/Work/My website/Project Source/mambicoder-api/functions/src/app_modules/controllers/crud.controller.js:4:12)\n    at Module._compile (internal/modules/cjs/loader.js:1137:30)\n    at Object.Module._extensions..js (internal/modules/cjs/loader.js:1157:10)\n    at Module.load (internal/modules/cjs/loader.js:985:32)\n    at Function.Module._load (internal/modules/cjs/loader.js:878:14)\n    at Module.require (internal/modules/cjs/loader.js:1025:19)"}}
[warn] ⚠  We were unable to load your functions code. (see above) {"metadata":{"emulator":{"name":"functions"}}}
[debug] [2020-08-03T20:51:51.478Z] [worker-~diagnostic~-15607acb-9ed2-4ddf-b7c1-9006141bd903]: exited {"metadata":{"emulator":{"name":"functions"},"message":"[worker-~diagnostic~-15607acb-9ed2-4ddf-b7c1-9006141bd903]: exited"}}
[debug] [2020-08-03T20:51:51.478Z] [worker-~diagnostic~-15607acb-9ed2-4ddf-b7c1-9006141bd903]: FINISHED {"metadata":{"emulator":{"name":"functions"},"message":"[worker-~diagnostic~-15607acb-9ed2-4ddf-b7c1-9006141bd903]: FINISHED"}}
[debug] [2020-08-03T20:51:51.659Z] File /media/lh/Seagate/Work/My website/Project Source/mambicoder-api/functions/src/app_modules/controllers/tracker.controller.js changed, reloading triggers {"metadata":{"emulator":{"name":"functions"},"message":"File /media/lh/Seagate/Work/My website/Project Source/mambicoder-api/functions/src/app_modules/controllers/tracker.controller.js changed, reloading triggers"}}
[debug] [2020-08-03T20:51:52.661Z] [worker-pool] Cleaned up workers for ~diagnostic~: 1 --> 0 {"metadata":{"emulator":{"name":"functions"},"message":"[worker-pool] Cleaned up workers for ~diagnostic~: 1 --> 0"}}
[debug] [2020-08-03T20:51:52.695Z] [worker-pool] addWorker(~diagnostic~) {"metadata":{"emulator":{"name":"functions"},"message":"[worker-pool] addWorker(~diagnostic~)"}}
[debug] [2020-08-03T20:51:52.697Z] [worker-pool] Adding worker with key ~diagnostic~, total=1 {"metadata":{"emulator":{"name":"functions"},"message":"[worker-pool] Adding worker with key ~diagnostic~, total=1"}}
[debug] [2020-08-03T20:51:52.698Z] [worker-pool] submitWork(triggerId=) {"metadata":{"emulator":{"name":"functions"},"message":"[worker-pool] submitWork(triggerId=)"}}
[debug] [2020-08-03T20:51:52.699Z] [worker-~diagnostic~-a2dcc748-0e26-4098-af69-b2fa6db408d0]: Assigning socketPath: /tmp/fire_emu_164085.sock {"metadata":{"emulator":{"name":"functions"},"message":"[worker-~diagnostic~-a2dcc748-0e26-4098-af69-b2fa6db408d0]: Assigning socketPath: /tmp/fire_emu_164085.sock"}}
[debug] [2020-08-03T20:51:52.700Z] [worker-~diagnostic~-a2dcc748-0e26-4098-af69-b2fa6db408d0]: BUSY {"metadata":{"emulator":{"name":"functions"},"message":"[worker-~diagnostic~-a2dcc748-0e26-4098-af69-b2fa6db408d0]: BUSY"}}
[debug] [2020-08-03T20:51:53.007Z] [runtime-status] [164085] Functions runtime initialized. {"cwd":"/media/lh/Seagate/Work/My website/Project Source/mambicoder-api/functions","node_version":"12.18.3"} {"metadata":{"emulator":{"name":"functions"},"message":"[runtime-status] [164085] Functions runtime initialized. {\"cwd\":\"/media/lh/Seagate/Work/My website/Project Source/mambicoder-api/functions\",\"node_version\":\"12.18.3\"}"}}
